Timestamp: 2024-06-10 09:17:31.676194
Password: 1235
Strength: Very Weak
Feedback:
  - Password should be at least 8 characters long.
  - Password should contain at least one lowercase letter.
  - Password should contain at least one uppercase letter.
  - Password should contain at least one special character.

Timestamp: 2024-06-10 09:18:02.901568
Password: 225658955@ff5g2
Strength: Strong
Feedback:
  - Password should contain at least one uppercase letter.

Timestamp: 2024-06-10 09:18:24.054087
Password: 5245896547752@Sgjmng#
Strength: Very Strong
Feedback:

Timestamp: 2024-06-10 09:19:00.729434
Password: Thankyouforthis@03
Strength: Very Strong
Feedback:

